c:\users\жш\onedrive\documents\bpe2\debug\bill\bill.winmd
c:\users\жш\onedrive\documents\bpe2\debug\bill\bill.lib
c:\users\жш\onedrive\documents\bpe2\debug\bill\bill.exp
c:\users\жш\onedrive\documents\bpe2\bill\debug\bill.vcxprojresolveassemblyreference.cache
c:\users\жш\onedrive\documents\bpe2\bill\generated files\app.g.h
c:\users\жш\onedrive\documents\bpe2\bill\generated files\mainpage.g.h
c:\users\жш\onedrive\documents\bpe2\bill\generated files\xamllibmetadataprovider.g.cpp
c:\users\жш\onedrive\documents\bpe2\bill\generated files\xamltypeinfo.impl.g.cpp
c:\users\жш\onedrive\documents\bpe2\bill\generated files\app.xaml
c:\users\жш\onedrive\documents\bpe2\bill\generated files\mainpage.xaml
c:\users\жш\onedrive\documents\bpe2\bill\generated files\app.xbf
c:\users\жш\onedrive\documents\bpe2\bill\generated files\mainpage.xbf
c:\users\жш\onedrive\documents\bpe2\bill\debug\xamlsavestatefile.xml
c:\users\жш\onedrive\documents\bpe2\bill\generated files\xamltypeinfo.g.cpp
c:\users\жш\onedrive\documents\bpe2\debug\bill\app.xbf
c:\users\жш\onedrive\documents\bpe2\debug\bill\mainpage.xbf
c:\users\жш\onedrive\documents\bpe2\bill\debug\resourcehandlingtask.state
c:\users\жш\onedrive\documents\bpe2\bill\debug\priconfig.xml
c:\users\жш\onedrive\documents\bpe2\bill\debug\priconfig.xml.intermediate
c:\users\жш\onedrive\documents\bpe2\bill\debug\layout.resfiles
c:\users\жш\onedrive\documents\bpe2\bill\debug\layout.resfiles.intermediate
c:\users\жш\onedrive\documents\bpe2\bill\debug\resources.resfiles
c:\users\жш\onedrive\documents\bpe2\bill\debug\resources.resfiles.intermediate
c:\users\жш\onedrive\documents\bpe2\bill\debug\pri.resfiles
c:\users\жш\onedrive\documents\bpe2\bill\debug\pri.resfiles.intermediate
c:\users\жш\onedrive\documents\bpe2\debug\bill\resources.pri
c:\users\жш\onedrive\documents\bpe2\bill\debug\qualifiers.txt
c:\users\жш\onedrive\documents\bpe2\bill\debug\qualifiers.txt.intermediate
c:\users\жш\onedrive\documents\bpe2\bill\debug\multiplequalifiersperdimensionfound.txt
c:\users\жш\onedrive\documents\bpe2\bill\debug\projectarchitectures.txt
c:\users\жш\onedrive\documents\bpe2\debug\bill\appxmanifest.xml
c:\users\жш\onedrive\documents\bpe2\debug\bill\bill.build.appxrecipe
c:\users\жш\onedrive\documents\bpe2\bill\debug\bill.pch
c:\users\жш\onedrive\documents\bpe2\bill\debug\vc140.pdb
c:\users\жш\onedrive\documents\bpe2\bill\debug\vc140.idb
c:\users\жш\onedrive\documents\bpe2\bill\debug\pch.obj
c:\users\жш\onedrive\documents\bpe2\bill\debug\mainpage.xaml.obj
c:\users\жш\onedrive\documents\bpe2\bill\debug\app.xaml.obj
c:\users\жш\onedrive\documents\bpe2\bill\debug\xamltypeinfo.impl.g.obj
c:\users\жш\onedrive\documents\bpe2\bill\debug\xamltypeinfo.g.obj
c:\users\жш\onedrive\documents\bpe2\bill\debug\bill.tlog\bill.winmd.lastbuild
c:\users\жш\onedrive\documents\bpe2\debug\bill\bill.ilk
c:\users\жш\onedrive\documents\bpe2\debug\bill\bill.exe
c:\users\жш\onedrive\documents\bpe2\debug\bill\bill.pdb
c:\users\жш\onedrive\documents\bpe2\bill\debug\embed.resfiles
c:\users\жш\onedrive\documents\bpe2\bill\debug\bill.tlog\bill.read.1u.tlog
c:\users\жш\onedrive\documents\bpe2\bill\debug\bill.tlog\bill.write.1u.tlog
c:\users\жш\onedrive\documents\bpe2\bill\debug\bill.tlog\cl.command.1.tlog
c:\users\жш\onedrive\documents\bpe2\bill\debug\bill.tlog\cl.read.1.tlog
c:\users\жш\onedrive\documents\bpe2\bill\debug\bill.tlog\cl.write.1.tlog
c:\users\жш\onedrive\documents\bpe2\bill\debug\bill.tlog\link.command.1.tlog
c:\users\жш\onedrive\documents\bpe2\bill\debug\bill.tlog\link.read.1.tlog
c:\users\жш\onedrive\documents\bpe2\bill\debug\bill.tlog\link.write.1.tlog
c:\users\жш\onedrive\documents\bpe2\bill\generated files\xamlbindinginfo.g.h
c:\users\жш\onedrive\documents\bpe2\bill\generated files\xamltypeinfo.g.h
