c:\users\жш\onedrive\documents\bpe2\textedit\debug\textedit.pch
c:\users\жш\onedrive\documents\bpe2\textedit\debug\vc140.pdb
c:\users\жш\onedrive\documents\bpe2\textedit\debug\vc140.idb
c:\users\жш\onedrive\documents\bpe2\textedit\debug\pch.obj
c:\users\жш\onedrive\documents\bpe2\textedit\debug\mainpage.xaml.obj
c:\users\жш\onedrive\documents\bpe2\textedit\debug\app.xaml.obj
c:\users\жш\onedrive\documents\bpe2\textedit\debug\phone.obj
c:\users\жш\onedrive\documents\bpe2\textedit\debug\xamltypeinfo.impl.g.obj
c:\users\жш\onedrive\documents\bpe2\textedit\debug\xamltypeinfo.g.obj
c:\users\жш\onedrive\documents\bpe2\textedit\debug\textedit.tlog\textedit.winmd.lastbuild
c:\users\жш\onedrive\documents\bpe2\debug\textedit\textedit.ilk
c:\users\жш\onedrive\documents\bpe2\debug\textedit\textedit.exe
c:\users\жш\onedrive\documents\bpe2\debug\textedit\textedit.pdb
c:\users\жш\onedrive\documents\bpe2\debug\textedit\textedit.winmd
c:\users\жш\onedrive\documents\bpe2\debug\textedit\textedit.lib
c:\users\жш\onedrive\documents\bpe2\debug\textedit\textedit.exp
c:\users\жш\onedrive\documents\bpe2\textedit\debug\textedit.vcxprojresolveassemblyreference.cache
c:\users\жш\onedrive\documents\bpe2\textedit\generated files\app.g.h
c:\users\жш\onedrive\documents\bpe2\textedit\generated files\mainpage.g.h
c:\users\жш\onedrive\documents\bpe2\textedit\generated files\xamllibmetadataprovider.g.cpp
c:\users\жш\onedrive\documents\bpe2\textedit\generated files\xamltypeinfo.impl.g.cpp
c:\users\жш\onedrive\documents\bpe2\textedit\generated files\app.xaml
c:\users\жш\onedrive\documents\bpe2\textedit\generated files\mainpage.xaml
c:\users\жш\onedrive\documents\bpe2\textedit\generated files\app.xbf
c:\users\жш\onedrive\documents\bpe2\textedit\generated files\mainpage.xbf
c:\users\жш\onedrive\documents\bpe2\textedit\debug\xamlsavestatefile.xml
c:\users\жш\onedrive\documents\bpe2\textedit\generated files\xamltypeinfo.g.cpp
c:\users\жш\onedrive\documents\bpe2\debug\textedit\app.xbf
c:\users\жш\onedrive\documents\bpe2\debug\textedit\mainpage.xbf
c:\users\жш\onedrive\documents\bpe2\textedit\debug\resourcehandlingtask.state
c:\users\жш\onedrive\documents\bpe2\textedit\debug\priconfig.xml
c:\users\жш\onedrive\documents\bpe2\textedit\debug\priconfig.xml.intermediate
c:\users\жш\onedrive\documents\bpe2\textedit\debug\layout.resfiles
c:\users\жш\onedrive\documents\bpe2\textedit\debug\layout.resfiles.intermediate
c:\users\жш\onedrive\documents\bpe2\textedit\debug\resources.resfiles
c:\users\жш\onedrive\documents\bpe2\textedit\debug\resources.resfiles.intermediate
c:\users\жш\onedrive\documents\bpe2\textedit\debug\pri.resfiles
c:\users\жш\onedrive\documents\bpe2\textedit\debug\pri.resfiles.intermediate
c:\users\жш\onedrive\documents\bpe2\debug\textedit\resources.pri
c:\users\жш\onedrive\documents\bpe2\textedit\debug\qualifiers.txt
c:\users\жш\onedrive\documents\bpe2\textedit\debug\qualifiers.txt.intermediate
c:\users\жш\onedrive\documents\bpe2\textedit\debug\multiplequalifiersperdimensionfound.txt
c:\users\жш\onedrive\documents\bpe2\textedit\debug\projectarchitectures.txt
c:\users\жш\onedrive\documents\bpe2\debug\textedit\appxmanifest.xml
c:\users\жш\onedrive\documents\bpe2\debug\textedit\textedit.build.appxrecipe
c:\users\жш\onedrive\documents\bpe2\textedit\debug\embed.resfiles
c:\users\жш\onedrive\documents\bpe2\textedit\debug\textedit.tlog\cl.command.1.tlog
c:\users\жш\onedrive\documents\bpe2\textedit\debug\textedit.tlog\cl.read.1.tlog
c:\users\жш\onedrive\documents\bpe2\textedit\debug\textedit.tlog\cl.write.1.tlog
c:\users\жш\onedrive\documents\bpe2\textedit\debug\textedit.tlog\link.command.1.tlog
c:\users\жш\onedrive\documents\bpe2\textedit\debug\textedit.tlog\link.read.1.tlog
c:\users\жш\onedrive\documents\bpe2\textedit\debug\textedit.tlog\link.write.1.tlog
c:\users\жш\onedrive\documents\bpe2\textedit\debug\textedit.tlog\textedit.read.1u.tlog
c:\users\жш\onedrive\documents\bpe2\textedit\debug\textedit.tlog\textedit.write.1u.tlog
c:\users\жш\onedrive\documents\bpe2\textedit\generated files\xamlbindinginfo.g.h
c:\users\жш\onedrive\documents\bpe2\textedit\generated files\xamltypeinfo.g.h
